
============================================================
Translating to: Simplified Chinese (zh)
============================================================
Total unique strings: 320,731
Already translated:   6,400
Pending:              314,331
Will translate:       314,331
  Consensus tier:    125,298 strings (dual-engine + verification)
  Single-pass tier:  189,033 strings (fast, 1 engine)
Total batches: 5496 (2363 single@80, 3133 consensus@40)
Concurrency: 4

Phase 1: Single-pass tier (2363 batches)...
  [0.2%] Batch 10/5496 | 7,199 done | 100.0% high-conf | 0 verified | 1 err | 66s elapsed | ~36462s ETA
  [0.4%] Batch 20/5496 | 7,999 done | 100.0% high-conf | 0 verified | 1 err | 124s elapsed | ~33954s ETA
  [0.5%] Batch 30/5496 | 8,799 done | 100.0% high-conf | 0 verified | 1 err | 181s elapsed | ~32981s ETA
  [0.7%] Batch 40/5496 | 9,599 done | 100.0% high-conf | 0 verified | 1 err | 238s elapsed | ~32471s ETA
  [0.9%] Batch 50/5496 | 10,399 done | 100.0% high-conf | 0 verified | 1 err | 299s elapsed | ~32541s ETA
  [1.1%] Batch 60/5496 | 11,199 done | 100.0% high-conf | 0 verified | 1 err | 355s elapsed | ~32179s ETA
  [1.3%] Batch 70/5496 | 11,999 done | 100.0% high-conf | 0 verified | 1 err | 404s elapsed | ~31351s ETA
  [1.5%] Batch 80/5496 | 12,799 done | 100.0% high-conf | 0 verified | 1 err | 446s elapsed | ~30184s ETA
  [1.6%] Batch 90/5496 | 13,599 done | 100.0% high-conf | 0 verified | 1 err | 509s elapsed | ~30595s ETA
  [1.8%] Batch 100/5496 | 14,399 done | 100.0% high-conf | 0 verified | 1 err | 588s elapsed | ~31738s ETA
  [2.0%] Batch 110/5496 | 15,199 done | 100.0% high-conf | 0 verified | 1 err | 658s elapsed | ~32198s ETA
  [2.2%] Batch 120/5496 | 15,999 done | 100.0% high-conf | 0 verified | 1 err | 735s elapsed | ~32914s ETA
  [2.4%] Batch 130/5496 | 16,799 done | 100.0% high-conf | 0 verified | 1 err | 805s elapsed | ~33236s ETA
  [2.5%] Batch 140/5496 | 17,599 done | 100.0% high-conf | 0 verified | 1 err | 889s elapsed | ~33999s ETA
  [2.7%] Batch 150/5496 | 18,399 done | 100.0% high-conf | 0 verified | 1 err | 953s elapsed | ~33966s ETA
  [2.9%] Batch 160/5496 | 19,199 done | 100.0% high-conf | 0 verified | 1 err | 1031s elapsed | ~34380s ETA
  [3.1%] Batch 170/5496 | 19,999 done | 100.0% high-conf | 0 verified | 1 err | 1124s elapsed | ~35209s ETA
  [3.3%] Batch 180/5496 | 20,799 done | 100.0% high-conf | 0 verified | 1 err | 1191s elapsed | ~35185s ETA
  [3.5%] Batch 190/5496 | 21,599 done | 100.0% high-conf | 0 verified | 1 err | 1257s elapsed | ~35094s ETA
  [3.6%] Batch 200/5496 | 22,399 done | 100.0% high-conf | 0 verified | 1 err | 1337s elapsed | ~35394s ETA
  [3.8%] Batch 210/5496 | 23,199 done | 100.0% high-conf | 0 verified | 1 err | 1405s elapsed | ~35374s ETA
  [4.0%] Batch 220/5496 | 23,999 done | 100.0% high-conf | 0 verified | 1 err | 1496s elapsed | ~35871s ETA
  [4.2%] Batch 230/5496 | 24,799 done | 100.0% high-conf | 0 verified | 1 err | 1567s elapsed | ~35869s ETA
  [4.4%] Batch 240/5496 | 25,599 done | 100.0% high-conf | 0 verified | 1 err | 1635s elapsed | ~35800s ETA
  [4.5%] Batch 250/5496 | 26,399 done | 100.0% high-conf | 0 verified | 1 err | 1698s elapsed | ~35622s ETA
  [4.7%] Batch 260/5496 | 27,199 done | 100.0% high-conf | 0 verified | 1 err | 1784s elapsed | ~35933s ETA
  [4.9%] Batch 270/5496 | 27,999 done | 100.0% high-conf | 0 verified | 1 err | 1860s elapsed | ~36008s ETA
  [5.1%] Batch 280/5496 | 28,799 done | 100.0% high-conf | 0 verified | 1 err | 1929s elapsed | ~35929s ETA
  [5.3%] Batch 290/5496 | 29,599 done | 100.0% high-conf | 0 verified | 1 err | 2009s elapsed | ~36073s ETA
  [5.5%] Batch 300/5496 | 30,399 done | 100.0% high-conf | 0 verified | 1 err | 2068s elapsed | ~35821s ETA
  [5.6%] Batch 310/5496 | 31,199 done | 100.0% high-conf | 0 verified | 1 err | 2127s elapsed | ~35586s ETA
  [5.8%] Batch 320/5496 | 31,999 done | 100.0% high-conf | 0 verified | 1 err | 2231s elapsed | ~36094s ETA
  [6.0%] Batch 330/5496 | 32,799 done | 100.0% high-conf | 0 verified | 1 err | 2355s elapsed | ~36871s ETA
  [6.2%] Batch 340/5496 | 33,599 done | 100.0% high-conf | 0 verified | 1 err | 2506s elapsed | ~37996s ETA
  [6.4%] Batch 350/5496 | 34,399 done | 100.0% high-conf | 0 verified | 1 err | 2627s elapsed | ~38618s ETA
  [6.6%] Batch 360/5496 | 35,198 done | 100.0% high-conf | 0 verified | 2 err | 2789s elapsed | ~39793s ETA
  [6.7%] Batch 370/5496 | 35,998 done | 100.0% high-conf | 0 verified | 2 err | 2936s elapsed | ~40676s ETA
  [6.9%] Batch 380/5496 | 36,797 done | 100.0% high-conf | 0 verified | 3 err | 3029s elapsed | ~40785s ETA
  [7.1%] Batch 390/5496 | 37,597 done | 100.0% high-conf | 0 verified | 3 err | 3127s elapsed | ~40944s ETA
  [7.3%] Batch 400/5496 | 38,397 done | 100.0% high-conf | 0 verified | 3 err | 3238s elapsed | ~41248s ETA
  [7.5%] Batch 410/5496 | 39,194 done | 100.0% high-conf | 0 verified | 6 err | 3360s elapsed | ~41682s ETA
  [7.6%] Batch 420/5496 | 39,994 done | 100.0% high-conf | 0 verified | 6 err | 3450s elapsed | ~41695s ETA
  [7.8%] Batch 430/5496 | 40,794 done | 100.0% high-conf | 0 verified | 6 err | 3569s elapsed | ~42050s ETA
  [8.0%] Batch 440/5496 | 41,594 done | 100.0% high-conf | 0 verified | 6 err | 3672s elapsed | ~42191s ETA
  [8.2%] Batch 450/5496 | 42,394 done | 100.0% high-conf | 0 verified | 6 err | 3765s elapsed | ~42219s ETA
  [8.4%] Batch 460/5496 | 43,193 done | 100.0% high-conf | 0 verified | 7 err | 3848s elapsed | ~42131s ETA
  [8.6%] Batch 470/5496 | 43,993 done | 100.0% high-conf | 0 verified | 7 err | 3907s elapsed | ~41777s ETA
  [8.7%] Batch 480/5496 | 44,793 done | 100.0% high-conf | 0 verified | 7 err | 3982s elapsed | ~41608s ETA
  [8.9%] Batch 490/5496 | 45,593 done | 100.0% high-conf | 0 verified | 7 err | 4055s elapsed | ~41431s ETA
  [9.1%] Batch 500/5496 | 46,393 done | 100.0% high-conf | 0 verified | 7 err | 4149s elapsed | ~41459s ETA
  [9.3%] Batch 510/5496 | 47,192 done | 100.0% high-conf | 0 verified | 8 err | 4240s elapsed | ~41454s ETA
  [9.5%] Batch 520/5496 | 47,992 done | 100.0% high-conf | 0 verified | 8 err | 4332s elapsed | ~41452s ETA
  [9.6%] Batch 530/5496 | 48,792 done | 100.0% high-conf | 0 verified | 8 err | 4458s elapsed | ~41775s ETA
  [9.8%] Batch 540/5496 | 49,592 done | 100.0% high-conf | 0 verified | 8 err | 4531s elapsed | ~41586s ETA
  [10.0%] Batch 550/5496 | 50,392 done | 100.0% high-conf | 0 verified | 8 err | 4604s elapsed | ~41400s ETA
  [10.2%] Batch 560/5496 | 51,192 done | 100.0% high-conf | 0 verified | 8 err | 4675s elapsed | ~41209s ETA
  [10.4%] Batch 570/5496 | 51,992 done | 100.0% high-conf | 0 verified | 8 err | 4744s elapsed | ~41000s ETA
  [10.6%] Batch 580/5496 | 52,792 done | 100.0% high-conf | 0 verified | 8 err | 4808s elapsed | ~40754s ETA
  [10.7%] Batch 590/5496 | 53,592 done | 100.0% high-conf | 0 verified | 8 err | 4889s elapsed | ~40651s ETA
  [10.9%] Batch 600/5496 | 54,392 done | 100.0% high-conf | 0 verified | 8 err | 4960s elapsed | ~40470s ETA
  [11.1%] Batch 610/5496 | 55,192 done | 100.0% high-conf | 0 verified | 8 err | 5035s elapsed | ~40331s ETA
  [11.3%] Batch 620/5496 | 55,992 done | 100.0% high-conf | 0 verified | 8 err | 5122s elapsed | ~40282s ETA
  [11.5%] Batch 630/5496 | 56,792 done | 100.0% high-conf | 0 verified | 8 err | 5208s elapsed | ~40226s ETA
  [11.6%] Batch 640/5496 | 57,592 done | 100.0% high-conf | 0 verified | 8 err | 5295s elapsed | ~40175s ETA
  [11.8%] Batch 650/5496 | 58,392 done | 100.0% high-conf | 0 verified | 8 err | 5378s elapsed | ~40096s ETA
  [12.0%] Batch 660/5496 | 59,192 done | 100.0% high-conf | 0 verified | 8 err | 5454s elapsed | ~39962s ETA
  [12.2%] Batch 670/5496 | 59,992 done | 100.0% high-conf | 0 verified | 8 err | 5525s elapsed | ~39799s ETA
  [12.4%] Batch 680/5496 | 60,792 done | 100.0% high-conf | 0 verified | 8 err | 5606s elapsed | ~39700s ETA
  [12.6%] Batch 690/5496 | 61,558 done | 100.0% high-conf | 0 verified | 42 err | 5664s elapsed | ~39449s ETA
  [12.7%] Batch 700/5496 | 62,357 done | 100.0% high-conf | 0 verified | 43 err | 5721s elapsed | ~39195s ETA
  [12.9%] Batch 710/5496 | 63,157 done | 100.0% high-conf | 0 verified | 43 err | 5770s elapsed | ~38892s ETA
  [13.1%] Batch 720/5496 | 63,957 done | 100.0% high-conf | 0 verified | 43 err | 5858s elapsed | ~38861s ETA
  [13.3%] Batch 730/5496 | 64,757 done | 100.0% high-conf | 0 verified | 43 err | 5931s elapsed | ~38723s ETA
  [13.5%] Batch 740/5496 | 65,557 done | 100.0% high-conf | 0 verified | 43 err | 6002s elapsed | ~38577s ETA
  [13.6%] Batch 750/5496 | 66,357 done | 100.0% high-conf | 0 verified | 43 err | 6046s elapsed | ~38257s ETA
  [13.8%] Batch 760/5496 | 67,157 done | 100.0% high-conf | 0 verified | 43 err | 6088s elapsed | ~37935s ETA
  [14.0%] Batch 770/5496 | 67,957 done | 100.0% high-conf | 0 verified | 43 err | 6126s elapsed | ~37602s ETA
  [14.2%] Batch 780/5496 | 68,757 done | 100.0% high-conf | 0 verified | 43 err | 6168s elapsed | ~37292s ETA
  [14.4%] Batch 790/5496 | 69,557 done | 100.0% high-conf | 0 verified | 43 err | 6216s elapsed | ~37029s ETA
  [14.6%] Batch 800/5496 | 70,357 done | 100.0% high-conf | 0 verified | 43 err | 6277s elapsed | ~36846s ETA
  [14.7%] Batch 810/5496 | 71,157 done | 100.0% high-conf | 0 verified | 43 err | 6318s elapsed | ~36549s ETA
  [14.9%] Batch 820/5496 | 71,957 done | 100.0% high-conf | 0 verified | 43 err | 6372s elapsed | ~36335s ETA
  [15.1%] Batch 830/5496 | 72,757 done | 100.0% high-conf | 0 verified | 43 err | 6424s elapsed | ~36113s ETA
  [15.3%] Batch 840/5496 | 73,557 done | 100.0% high-conf | 0 verified | 43 err | 6463s elapsed | ~35824s ETA
  [15.5%] Batch 850/5496 | 74,357 done | 100.0% high-conf | 0 verified | 43 err | 6504s elapsed | ~35552s ETA
  [15.6%] Batch 860/5496 | 75,157 done | 100.0% high-conf | 0 verified | 43 err | 6550s elapsed | ~35307s ETA
  [15.8%] Batch 870/5496 | 75,957 done | 100.0% high-conf | 0 verified | 43 err | 6604s elapsed | ~35113s ETA
  [16.0%] Batch 880/5496 | 76,757 done | 100.0% high-conf | 0 verified | 43 err | 6643s elapsed | ~34846s ETA
  [16.2%] Batch 890/5496 | 77,557 done | 100.0% high-conf | 0 verified | 43 err | 6702s elapsed | ~34683s ETA
  [16.4%] Batch 900/5496 | 78,357 done | 100.0% high-conf | 0 verified | 43 err | 6775s elapsed | ~34596s ETA
  [16.6%] Batch 910/5496 | 79,157 done | 100.0% high-conf | 0 verified | 43 err | 6841s elapsed | ~34474s ETA
  [16.7%] Batch 920/5496 | 79,957 done | 100.0% high-conf | 0 verified | 43 err | 6903s elapsed | ~34335s ETA
  [16.9%] Batch 930/5496 | 80,757 done | 100.0% high-conf | 0 verified | 43 err | 6965s elapsed | ~34197s ETA
  [17.1%] Batch 940/5496 | 81,557 done | 100.0% high-conf | 0 verified | 43 err | 7046s elapsed | ~34148s ETA
  [17.3%] Batch 950/5496 | 82,357 done | 100.0% high-conf | 0 verified | 43 err | 7111s elapsed | ~34030s ETA
  [17.5%] Batch 960/5496 | 83,157 done | 100.0% high-conf | 0 verified | 43 err | 7171s elapsed | ~33881s ETA
  [17.6%] Batch 970/5496 | 83,957 done | 100.0% high-conf | 0 verified | 43 err | 7234s elapsed | ~33753s ETA
  [17.8%] Batch 980/5496 | 84,757 done | 100.0% high-conf | 0 verified | 43 err | 7306s elapsed | ~33665s ETA
  [18.0%] Batch 990/5496 | 85,557 done | 100.0% high-conf | 0 verified | 43 err | 7385s elapsed | ~33613s ETA
  [18.2%] Batch 1000/5496 | 86,357 done | 100.0% high-conf | 0 verified | 43 err | 7454s elapsed | ~33514s ETA
  [18.4%] Batch 1010/5496 | 87,157 done | 100.0% high-conf | 0 verified | 43 err | 7528s elapsed | ~33436s ETA
  [18.6%] Batch 1020/5496 | 87,957 done | 100.0% high-conf | 0 verified | 43 err | 7603s elapsed | ~33364s ETA
  [18.7%] Batch 1030/5496 | 88,757 done | 100.0% high-conf | 0 verified | 43 err | 7688s elapsed | ~33335s ETA
  [18.9%] Batch 1040/5496 | 89,557 done | 100.0% high-conf | 0 verified | 43 err | 7762s elapsed | ~33258s ETA
  [19.1%] Batch 1050/5496 | 90,357 done | 100.0% high-conf | 0 verified | 43 err | 7828s elapsed | ~33147s ETA
  [19.3%] Batch 1060/5496 | 91,157 done | 100.0% high-conf | 0 verified | 43 err | 7894s elapsed | ~33036s ETA
  [19.5%] Batch 1070/5496 | 91,957 done | 100.0% high-conf | 0 verified | 43 err | 7960s elapsed | ~32924s ETA
  [19.7%] Batch 1080/5496 | 92,757 done | 100.0% high-conf | 0 verified | 43 err | 8033s elapsed | ~32846s ETA
  [19.8%] Batch 1090/5496 | 93,557 done | 100.0% high-conf | 0 verified | 43 err | 8111s elapsed | ~32786s ETA
  [20.0%] Batch 1100/5496 | 94,357 done | 100.0% high-conf | 0 verified | 43 err | 8189s elapsed | ~32726s ETA
  [20.2%] Batch 1110/5496 | 95,157 done | 100.0% high-conf | 0 verified | 43 err | 8307s elapsed | ~32825s ETA
  [20.4%] Batch 1120/5496 | 95,957 done | 100.0% high-conf | 0 verified | 43 err | 8407s elapsed | ~32848s ETA
  [20.6%] Batch 1130/5496 | 96,757 done | 100.0% high-conf | 0 verified | 43 err | 8552s elapsed | ~33042s ETA
  [20.7%] Batch 1140/5496 | 97,557 done | 100.0% high-conf | 0 verified | 43 err | 8635s elapsed | ~32996s ETA
  [20.9%] Batch 1150/5496 | 98,357 done | 100.0% high-conf | 0 verified | 43 err | 8725s elapsed | ~32973s ETA
  [21.1%] Batch 1160/5496 | 99,157 done | 100.0% high-conf | 0 verified | 43 err | 8800s elapsed | ~32893s ETA
  [21.3%] Batch 1170/5496 | 99,957 done | 100.0% high-conf | 0 verified | 43 err | 8898s elapsed | ~32898s ETA
  [21.5%] Batch 1180/5496 | 100,757 done | 100.0% high-conf | 0 verified | 43 err | 8969s elapsed | ~32805s ETA
  [21.7%] Batch 1190/5496 | 101,557 done | 100.0% high-conf | 0 verified | 43 err | 9051s elapsed | ~32752s ETA
  [21.8%] Batch 1200/5496 | 102,357 done | 100.0% high-conf | 0 verified | 43 err | 9124s elapsed | ~32665s ETA
  [22.0%] Batch 1210/5496 | 103,157 done | 100.0% high-conf | 0 verified | 43 err | 9192s elapsed | ~32560s ETA
  [22.2%] Batch 1220/5496 | 103,957 done | 100.0% high-conf | 0 verified | 43 err | 9260s elapsed | ~32455s ETA
  [22.4%] Batch 1230/5496 | 104,757 done | 100.0% high-conf | 0 verified | 43 err | 9304s elapsed | ~32268s ETA
  [22.6%] Batch 1240/5496 | 105,557 done | 100.0% high-conf | 0 verified | 43 err | 9354s elapsed | ~32105s ETA
  [22.7%] Batch 1250/5496 | 106,357 done | 100.0% high-conf | 0 verified | 43 err | 9399s elapsed | ~31925s ETA
  [22.9%] Batch 1260/5496 | 107,157 done | 100.0% high-conf | 0 verified | 43 err | 9447s elapsed | ~31760s ETA
  [23.1%] Batch 1270/5496 | 107,957 done | 100.0% high-conf | 0 verified | 43 err | 9496s elapsed | ~31598s ETA
  [23.3%] Batch 1280/5496 | 108,757 done | 100.0% high-conf | 0 verified | 43 err | 9542s elapsed | ~31427s ETA
  [23.5%] Batch 1290/5496 | 109,557 done | 100.0% high-conf | 0 verified | 43 err | 9608s elapsed | ~31328s ETA
  [23.7%] Batch 1300/5496 | 110,357 done | 100.0% high-conf | 0 verified | 43 err | 9666s elapsed | ~31200s ETA
  [23.8%] Batch 1310/5496 | 111,157 done | 100.0% high-conf | 0 verified | 43 err | 9723s elapsed | ~31071s ETA
  [24.0%] Batch 1320/5496 | 111,957 done | 100.0% high-conf | 0 verified | 43 err | 9786s elapsed | ~30959s ETA
  [24.2%] Batch 1330/5496 | 112,757 done | 100.0% high-conf | 0 verified | 43 err | 9860s elapsed | ~30886s ETA
  [24.4%] Batch 1340/5496 | 113,557 done | 100.0% high-conf | 0 verified | 43 err | 9906s elapsed | ~30724s ETA
  [24.6%] Batch 1350/5496 | 114,357 done | 100.0% high-conf | 0 verified | 43 err | 9965s elapsed | ~30604s ETA
  [24.7%] Batch 1360/5496 | 115,157 done | 100.0% high-conf | 0 verified | 43 err | 10004s elapsed | ~30423s ETA
  [24.9%] Batch 1370/5496 | 115,957 done | 100.0% high-conf | 0 verified | 43 err | 10048s elapsed | ~30261s ETA
  [25.1%] Batch 1380/5496 | 116,757 done | 100.0% high-conf | 0 verified | 43 err | 10098s elapsed | ~30118s ETA
  [25.3%] Batch 1390/5496 | 117,556 done | 100.0% high-conf | 0 verified | 44 err | 10160s elapsed | ~30014s ETA
  [25.5%] Batch 1400/5496 | 118,356 done | 100.0% high-conf | 0 verified | 44 err | 10204s elapsed | ~29853s ETA
  [25.7%] Batch 1410/5496 | 119,156 done | 100.0% high-conf | 0 verified | 44 err | 10265s elapsed | ~29746s ETA
  [25.8%] Batch 1420/5496 | 119,956 done | 100.0% high-conf | 0 verified | 44 err | 10321s elapsed | ~29625s ETA
  [26.0%] Batch 1430/5496 | 120,756 done | 100.0% high-conf | 0 verified | 44 err | 10372s elapsed | ~29490s ETA
  [26.2%] Batch 1440/5496 | 121,556 done | 100.0% high-conf | 0 verified | 44 err | 10427s elapsed | ~29370s ETA
  [26.4%] Batch 1450/5496 | 122,356 done | 100.0% high-conf | 0 verified | 44 err | 10487s elapsed | ~29261s ETA
  [26.6%] Batch 1460/5496 | 123,156 done | 100.0% high-conf | 0 verified | 44 err | 10537s elapsed | ~29128s ETA
  [26.7%] Batch 1470/5496 | 123,956 done | 100.0% high-conf | 0 verified | 44 err | 10601s elapsed | ~29033s ETA
  [26.9%] Batch 1480/5496 | 124,756 done | 100.0% high-conf | 0 verified | 44 err | 10656s elapsed | ~28914s ETA
  [27.1%] Batch 1490/5496 | 125,556 done | 100.0% high-conf | 0 verified | 44 err | 10708s elapsed | ~28788s ETA
  [27.3%] Batch 1500/5496 | 126,356 done | 100.0% high-conf | 0 verified | 44 err | 10762s elapsed | ~28669s ETA
  [27.5%] Batch 1510/5496 | 127,155 done | 100.0% high-conf | 0 verified | 45 err | 10819s elapsed | ~28559s ETA
  [27.7%] Batch 1520/5496 | 127,955 done | 100.0% high-conf | 0 verified | 45 err | 10887s elapsed | ~28477s ETA
  [27.8%] Batch 1530/5496 | 128,755 done | 100.0% high-conf | 0 verified | 45 err | 10960s elapsed | ~28410s ETA
  [28.0%] Batch 1540/5496 | 129,555 done | 100.0% high-conf | 0 verified | 45 err | 11009s elapsed | ~28280s ETA
  [28.2%] Batch 1550/5496 | 130,355 done | 100.0% high-conf | 0 verified | 45 err | 11069s elapsed | ~28179s ETA
  [28.4%] Batch 1560/5496 | 131,155 done | 100.0% high-conf | 0 verified | 45 err | 11125s elapsed | ~28069s ETA
  [28.6%] Batch 1570/5496 | 131,955 done | 100.0% high-conf | 0 verified | 45 err | 11191s elapsed | ~27986s ETA
  [28.7%] Batch 1580/5496 | 132,755 done | 100.0% high-conf | 0 verified | 45 err | 11248s elapsed | ~27879s ETA
  [28.9%] Batch 1590/5496 | 133,555 done | 100.0% high-conf | 0 verified | 45 err | 11298s elapsed | ~27755s ETA
  [29.1%] Batch 1600/5496 | 134,355 done | 100.0% high-conf | 0 verified | 45 err | 11363s elapsed | ~27669s ETA
  [29.3%] Batch 1610/5496 | 135,155 done | 100.0% high-conf | 0 verified | 45 err | 11411s elapsed | ~27543s ETA
  [29.5%] Batch 1620/5496 | 135,955 done | 100.0% high-conf | 0 verified | 45 err | 11465s elapsed | ~27432s ETA
  [29.7%] Batch 1630/5496 | 136,755 done | 100.0% high-conf | 0 verified | 45 err | 11516s elapsed | ~27314s ETA
  [29.8%] Batch 1640/5496 | 137,555 done | 100.0% high-conf | 0 verified | 45 err | 11551s elapsed | ~27158s ETA
  [30.0%] Batch 1650/5496 | 138,355 done | 100.0% high-conf | 0 verified | 45 err | 11621s elapsed | ~27087s ETA
  [30.2%] Batch 1660/5496 | 139,155 done | 100.0% high-conf | 0 verified | 45 err | 11684s elapsed | ~27001s ETA
  [30.4%] Batch 1670/5496 | 139,955 done | 100.0% high-conf | 0 verified | 45 err | 11730s elapsed | ~26875s ETA
  [30.6%] Batch 1680/5496 | 140,755 done | 100.0% high-conf | 0 verified | 45 err | 11778s elapsed | ~26754s ETA
  [30.7%] Batch 1690/5496 | 141,555 done | 100.0% high-conf | 0 verified | 45 err | 11826s elapsed | ~26633s ETA
  [30.9%] Batch 1700/5496 | 142,354 done | 100.0% high-conf | 0 verified | 46 err | 11870s elapsed | ~26504s ETA
  [31.1%] Batch 1710/5496 | 143,154 done | 100.0% high-conf | 0 verified | 46 err | 11923s elapsed | ~26398s ETA
  [31.3%] Batch 1720/5496 | 143,954 done | 100.0% high-conf | 0 verified | 46 err | 11966s elapsed | ~26270s ETA
  [31.5%] Batch 1730/5496 | 144,754 done | 100.0% high-conf | 0 verified | 46 err | 12019s elapsed | ~26165s ETA
  [31.7%] Batch 1740/5496 | 145,554 done | 100.0% high-conf | 0 verified | 46 err | 12078s elapsed | ~26072s ETA
  [31.8%] Batch 1750/5496 | 146,354 done | 100.0% high-conf | 0 verified | 46 err | 12137s elapsed | ~25980s ETA
  [32.0%] Batch 1760/5496 | 147,154 done | 100.0% high-conf | 0 verified | 46 err | 12200s elapsed | ~25897s ETA
  [32.2%] Batch 1770/5496 | 147,954 done | 100.0% high-conf | 0 verified | 46 err | 12270s elapsed | ~25830s ETA
  [32.4%] Batch 1780/5496 | 148,754 done | 100.0% high-conf | 0 verified | 46 err | 12329s elapsed | ~25738s ETA
  [32.6%] Batch 1790/5496 | 149,554 done | 100.0% high-conf | 0 verified | 46 err | 12393s elapsed | ~25658s ETA
  [32.8%] Batch 1800/5496 | 150,354 done | 100.0% high-conf | 0 verified | 46 err | 12454s elapsed | ~25572s ETA
  [32.9%] Batch 1810/5496 | 151,154 done | 100.0% high-conf | 0 verified | 46 err | 12518s elapsed | ~25492s ETA
  [33.1%] Batch 1820/5496 | 151,954 done | 100.0% high-conf | 0 verified | 46 err | 12591s elapsed | ~25432s ETA
  [33.3%] Batch 1830/5496 | 152,754 done | 100.0% high-conf | 0 verified | 46 err | 12649s elapsed | ~25340s ETA
  [33.5%] Batch 1840/5496 | 153,554 done | 100.0% high-conf | 0 verified | 46 err | 12723s elapsed | ~25280s ETA
  [33.7%] Batch 1850/5496 | 154,354 done | 100.0% high-conf | 0 verified | 46 err | 12781s elapsed | ~25190s ETA
  [33.8%] Batch 1860/5496 | 155,154 done | 100.0% high-conf | 0 verified | 46 err | 12842s elapsed | ~25104s ETA
  [34.0%] Batch 1870/5496 | 155,954 done | 100.0% high-conf | 0 verified | 46 err | 12898s elapsed | ~25010s ETA
  [34.2%] Batch 1880/5496 | 156,754 done | 100.0% high-conf | 0 verified | 46 err | 12957s elapsed | ~24922s ETA
  [34.4%] Batch 1890/5496 | 157,554 done | 100.0% high-conf | 0 verified | 46 err | 13030s elapsed | ~24861s ETA
  [34.6%] Batch 1900/5496 | 158,354 done | 100.0% high-conf | 0 verified | 46 err | 13079s elapsed | ~24755s ETA
  [34.8%] Batch 1910/5496 | 159,154 done | 100.0% high-conf | 0 verified | 46 err | 13137s elapsed | ~24665s ETA
  [34.9%] Batch 1920/5496 | 159,954 done | 100.0% high-conf | 0 verified | 46 err | 13186s elapsed | ~24559s ETA
  [35.1%] Batch 1930/5496 | 160,754 done | 100.0% high-conf | 0 verified | 46 err | 13247s elapsed | ~24477s ETA
  [35.3%] Batch 1940/5496 | 161,554 done | 100.0% high-conf | 0 verified | 46 err | 13304s elapsed | ~24385s ETA
  [35.5%] Batch 1950/5496 | 162,354 done | 100.0% high-conf | 0 verified | 46 err | 13368s elapsed | ~24310s ETA
  [35.7%] Batch 1960/5496 | 163,154 done | 100.0% high-conf | 0 verified | 46 err | 13420s elapsed | ~24210s ETA
  [35.8%] Batch 1970/5496 | 163,954 done | 100.0% high-conf | 0 verified | 46 err | 13474s elapsed | ~24117s ETA
  [36.0%] Batch 1980/5496 | 164,754 done | 100.0% high-conf | 0 verified | 46 err | 13539s elapsed | ~24043s ETA
  [36.2%] Batch 1990/5496 | 165,554 done | 100.0% high-conf | 0 verified | 46 err | 13604s elapsed | ~23968s ETA
  [36.4%] Batch 2000/5496 | 166,354 done | 100.0% high-conf | 0 verified | 46 err | 13659s elapsed | ~23876s ETA
  [36.6%] Batch 2010/5496 | 167,154 done | 100.0% high-conf | 0 verified | 46 err | 13731s elapsed | ~23814s ETA
  [36.8%] Batch 2020/5496 | 167,954 done | 100.0% high-conf | 0 verified | 46 err | 13788s elapsed | ~23727s ETA
  [36.9%] Batch 2030/5496 | 168,754 done | 100.0% high-conf | 0 verified | 46 err | 13868s elapsed | ~23679s ETA
  [37.1%] Batch 2040/5496 | 169,554 done | 100.0% high-conf | 0 verified | 46 err | 13956s elapsed | ~23642s ETA
  [37.3%] Batch 2050/5496 | 170,354 done | 100.0% high-conf | 0 verified | 46 err | 14060s elapsed | ~23634s ETA
  [37.5%] Batch 2060/5496 | 171,153 done | 100.0% high-conf | 0 verified | 47 err | 14146s elapsed | ~23596s ETA
  [37.7%] Batch 2070/5496 | 171,950 done | 100.0% high-conf | 0 verified | 50 err | 14244s elapsed | ~23575s ETA
  [38.0%] Batch 2090/5496 | 173,549 done | 100.0% high-conf | 0 verified | 51 err | 14413s elapsed | ~23488s ETA
  [38.2%] Batch 2100/5496 | 174,349 done | 100.0% high-conf | 0 verified | 51 err | 14470s elapsed | ~23400s ETA
  [38.4%] Batch 2110/5496 | 175,149 done | 100.0% high-conf | 0 verified | 51 err | 14547s elapsed | ~23344s ETA
  [38.6%] Batch 2120/5496 | 175,949 done | 100.0% high-conf | 0 verified | 51 err | 14619s elapsed | ~23281s ETA
  [38.8%] Batch 2130/5496 | 176,749 done | 100.0% high-conf | 0 verified | 51 err | 14679s elapsed | ~23197s ETA
  [38.9%] Batch 2140/5496 | 177,549 done | 100.0% high-conf | 0 verified | 51 err | 14730s elapsed | ~23100s ETA
